<?xml version="1.0" encoding="UTF-8"?>
<!-- Generated by org.testng.reporters.JUnitXMLReporter -->
<testsuite hostname="DESKTOP-M3731IF" name="Default test" tests="3" failures="0" timestamp="11 Sep 2020 06:45:53 GMT" time="83.073" errors="0">
  <testcase name="openApp" time="24.194" classname="Practice.Appium_Framework.KA_TC01"/>
  <testcase name="signIn" time="31.045" classname="Practice.Appium_Framework.KA_TC01"/>
  <testcase name="assertName" time="7.871" classname="Practice.Appium_Framework.KA_TC01"/>
</testsuite> <!-- Default test -->
