<?xml version="1.0" encoding="UTF-8"?>
<!-- Generated by org.testng.reporters.JUnitXMLReporter -->
<testsuite hostname="DESKTOP-M3731IF" name="Test" tests="6" failures="0" timestamp="11 Sep 2020 11:12:34 GMT" time="246.779" errors="0">
  <testcase name="openApp" time="26.335" classname="Practice.Appium_Framework.KA_TC01"/>
  <testcase name="signIn" time="34.924" classname="Practice.Appium_Framework.KA_TC01"/>
  <testcase name="assertName" time="8.839" classname="Practice.Appium_Framework.KA_TC01"/>
  <testcase name="SelectCourse" time="54.248" classname="Practice.Appium_Framework.KA_TC02"/>
  <testcase name="playvideo" time="61.861" classname="Practice.Appium_Framework.KA_TC03"/>
  <testcase name="signOut" time="18.785" classname="Practice.Appium_Framework.KA_TC04"/>
</testsuite> <!-- Test -->
